<?xml version="1.0" encoding="UTF-8"?>
<testng-results ignored="32" total="33" passed="1" failed="0" skipped="0">
  <reporter-output>
  </reporter-output>
  <suite started-at="2023-04-04T11:39:39 PDT" name="ZimmerSmokeSuite" finished-at="2023-04-04T11:39:50 PDT" duration-ms="10957">
    <groups>
      <group name="phase1">
        <method signature="ZimmerHomePageTest.verifyPrivacyNoticePage()[pri:0, instance:org.selenium.pom.tests.ZimmerHomePageTest@18da4dd]" name="verifyPrivacyNoticePage" class="org.selenium.pom.tests.ZimmerHomePageTest"/>
      </group> <!-- phase1 -->
      <group name="tester">
        <method signature="ZimmerHomePageTest.verifyPrivacyNoticePage()[pri:0, instance:org.selenium.pom.tests.ZimmerHomePageTest@18da4dd]" name="verifyPrivacyNoticePage" class="org.selenium.pom.tests.ZimmerHomePageTest"/>
      </group> <!-- tester -->
    </groups>
    <test started-at="2023-04-04T11:39:39 PDT" name="HomePageTests" finished-at="2023-04-04T11:39:50 PDT" duration-ms="10921">
      <class name="org.selenium.pom.tests.ZimmerHomePageTest">
        <test-method is-config="true" signature="startDriver(java.lang.String)[pri:0, instance:org.selenium.pom.tests.ZimmerHomePageTest@18da4dd]" started-at="2023-04-04T11:39:39 PDT" name="startDriver" finished-at="2023-04-04T11:39:42 PDT" duration-ms="3326" status="PASS">
          <params>
            <param index="0">
              <value>
                <![CDATA[CHROME]]>
              </value>
            </param>
          </params>
          <reporter-output>
          </reporter-output>
        </test-method> <!-- startDriver -->
        <test-method signature="verifyPrivacyNoticePage()[pri:0, instance:org.selenium.pom.tests.ZimmerHomePageTest@18da4dd]" started-at="2023-04-04T11:39:43 PDT" name="verifyPrivacyNoticePage" finished-at="2023-04-04T11:39:49 PDT" duration-ms="6908" status="PASS">
          <reporter-output>
          </reporter-output>
        </test-method> <!-- verifyPrivacyNoticePage -->
        <test-method is-config="true" signature="quitDriver(java.lang.String, org.testng.ITestResult)[pri:0, instance:org.selenium.pom.tests.ZimmerHomePageTest@18da4dd]" started-at="2023-04-04T11:39:49 PDT" name="quitDriver" finished-at="2023-04-04T11:39:50 PDT" duration-ms="499" status="PASS">
          <params>
            <param index="0">
              <value>
                <![CDATA[CHROME]]>
              </value>
            </param>
            <param index="1">
              <value>
                <![CDATA[[TestResult name=verifyPrivacyNoticePage status=SUCCESS method=ZimmerHomePageTest.verifyPrivacyNoticePage()[pri:0, instance:org.selenium.pom.tests.ZimmerHomePageTest@18da4dd] output={null}]]]>
              </value>
            </param>
          </params>
          <reporter-output>
          </reporter-output>
        </test-method> <!-- quitDriver -->
      </class> <!-- org.selenium.pom.tests.ZimmerHomePageTest -->
    </test> <!-- HomePageTests -->
    <test started-at="2023-04-04T11:39:50 PDT" name="FindADocPageTests" finished-at="2023-04-04T11:39:50 PDT" duration-ms="1">
    </test> <!-- FindADocPageTests -->
    <test started-at="2023-04-04T11:39:50 PDT" name="CareersPageTests" finished-at="2023-04-04T11:39:50 PDT" duration-ms="2">
    </test> <!-- CareersPageTests -->
  </suite> <!-- ZimmerSmokeSuite -->
</testng-results>
